2019-03-02 04:08:32,554 [Worker-3: Loading available Gradle versions] INFO  c.g.t.t.d.PublishedGradleVersions - Gradle version information cache is up-to-date. Trying to read.
2019-03-02 04:09:02,271 [Worker-31: Update Maven projects configuration] INFO  o.e.m.c.i.p.ProjectConfigurationManager - Update started
2019-03-02 04:09:03,591 [Worker-31: Update Maven projects configuration] INFO  o.e.m.c.i.l.LifecycleMappingFactory - Using org.eclipse.m2e.jdt.JarLifecycleMapping lifecycle mapping for MavenProject: ElMenus-Notifications:ElMenus-Notifications:0.0.1-SNAPSHOT @ /Users/Ahmedash11/Desktop/ElMenus/ElMenus-Notifications/pom.xml.
2019-03-02 04:09:04,476 [Worker-9: Building workspace] INFO  o.e.m.c.i.l.LifecycleMappingFactory - Using org.eclipse.m2e.jdt.JarLifecycleMapping lifecycle mapping for MavenProject: ElMenus-Auth:ElMenus-Auth:0.0.1-SNAPSHOT @ /Users/Ahmedash11/Desktop/ElMenus/ElMenus-Auth/pom.xml.
2019-03-02 04:09:04,621 [Worker-9: Building workspace] WARN  o.e.m.c.i.embedder.EclipseLogger - Using platform encoding (UTF-8 actually) to copy filtered resources, i.e. build is platform dependent!
2019-03-02 04:09:04,634 [Worker-9: Building workspace] INFO  o.e.m.c.i.embedder.EclipseLogger - skip non existing resourceDirectory /Users/Ahmedash11/Desktop/ElMenus/ElMenus-Auth/src/main/resources
2019-03-02 04:09:04,636 [Worker-9: Building workspace] WARN  o.e.m.c.i.embedder.EclipseLogger - Using platform encoding (UTF-8 actually) to copy filtered resources, i.e. build is platform dependent!
2019-03-02 04:09:04,637 [Worker-9: Building workspace] INFO  o.e.m.c.i.embedder.EclipseLogger - skip non existing resourceDirectory /Users/Ahmedash11/Desktop/ElMenus/ElMenus-Auth/src/test/resources
2019-03-02 04:09:04,715 [Worker-31: Update Maven projects configuration] INFO  o.e.m.j.i.AbstractJavaProjectConfigurator - Adding source folder /ElMenus-Notifications/src
2019-03-02 04:09:04,716 [Worker-31: Update Maven projects configuration] INFO  o.e.m.j.i.AbstractJavaProjectConfigurator - Not adding source folder /ElMenus-Notifications/src/test/java because it overlaps with /ElMenus-Notifications/src
2019-03-02 04:09:04,933 [Worker-2: Building workspace] INFO  o.e.m.c.i.l.LifecycleMappingFactory - Using org.eclipse.m2e.jdt.JarLifecycleMapping lifecycle mapping for MavenProject: ElMenus-Blocks:ElMenus-Blocks:0.0.1-SNAPSHOT @ /Users/Ahmedash11/Desktop/ElMenus/ElMenus-Blocks/pom.xml.
2019-03-02 04:09:05,025 [Worker-2: Building workspace] WARN  o.e.m.c.i.embedder.EclipseLogger - Using platform encoding (UTF-8 actually) to copy filtered resources, i.e. build is platform dependent!
2019-03-02 04:09:05,028 [Worker-2: Building workspace] INFO  o.e.m.c.i.embedder.EclipseLogger - skip non existing resourceDirectory /Users/Ahmedash11/Desktop/ElMenus/ElMenus-Blocks/src/main/resources
2019-03-02 04:09:05,031 [Worker-2: Building workspace] WARN  o.e.m.c.i.embedder.EclipseLogger - Using platform encoding (UTF-8 actually) to copy filtered resources, i.e. build is platform dependent!
2019-03-02 04:09:05,032 [Worker-2: Building workspace] INFO  o.e.m.c.i.embedder.EclipseLogger - skip non existing resourceDirectory /Users/Ahmedash11/Desktop/ElMenus/ElMenus-Blocks/src/test/resources
2019-03-02 04:09:05,126 [Worker-2: Building workspace] INFO  o.e.m.c.i.l.LifecycleMappingFactory - Using org.eclipse.m2e.jdt.JarLifecycleMapping lifecycle mapping for MavenProject: ElMenus-Bucketlists:ElMenus-Bucketlists:0.0.1-SNAPSHOT @ /Users/Ahmedash11/Desktop/ElMenus/ElMenus-Bucketlists/pom.xml.
2019-03-02 04:09:05,257 [Worker-2: Building workspace] WARN  o.e.m.c.i.embedder.EclipseLogger - Using platform encoding (UTF-8 actually) to copy filtered resources, i.e. build is platform dependent!
2019-03-02 04:09:05,258 [Worker-2: Building workspace] INFO  o.e.m.c.i.embedder.EclipseLogger - skip non existing resourceDirectory /Users/Ahmedash11/Desktop/ElMenus/ElMenus-Bucketlists/src/main/resources
2019-03-02 04:09:05,260 [Worker-2: Building workspace] WARN  o.e.m.c.i.embedder.EclipseLogger - Using platform encoding (UTF-8 actually) to copy filtered resources, i.e. build is platform dependent!
2019-03-02 04:09:05,261 [Worker-2: Building workspace] INFO  o.e.m.c.i.embedder.EclipseLogger - skip non existing resourceDirectory /Users/Ahmedash11/Desktop/ElMenus/ElMenus-Bucketlists/src/test/resources
2019-03-02 04:09:05,357 [Worker-2: Building workspace] INFO  o.e.m.c.i.l.LifecycleMappingFactory - Using org.eclipse.m2e.jdt.JarLifecycleMapping lifecycle mapping for MavenProject: ElMenus-Chat:ElMenus-Chat:0.0.1-SNAPSHOT @ /Users/Ahmedash11/Desktop/ElMenus/ElMenus-Chat/pom.xml.
2019-03-02 04:09:05,472 [Worker-2: Building workspace] WARN  o.e.m.c.i.embedder.EclipseLogger - Using platform encoding (UTF-8 actually) to copy filtered resources, i.e. build is platform dependent!
2019-03-02 04:09:05,474 [Worker-2: Building workspace] INFO  o.e.m.c.i.embedder.EclipseLogger - skip non existing resourceDirectory /Users/Ahmedash11/Desktop/ElMenus/ElMenus-Chat/src/main/resources
2019-03-02 04:09:05,476 [Worker-2: Building workspace] WARN  o.e.m.c.i.embedder.EclipseLogger - Using platform encoding (UTF-8 actually) to copy filtered resources, i.e. build is platform dependent!
2019-03-02 04:09:05,476 [Worker-2: Building workspace] INFO  o.e.m.c.i.embedder.EclipseLogger - skip non existing resourceDirectory /Users/Ahmedash11/Desktop/ElMenus/ElMenus-Chat/src/test/resources
2019-03-02 04:09:05,544 [Worker-2: Building workspace] INFO  o.e.m.c.i.l.LifecycleMappingFactory - Using org.eclipse.m2e.jdt.JarLifecycleMapping lifecycle mapping for MavenProject: ElMenus-CheckIns:ElMenus-CheckIns:0.0.1-SNAPSHOT @ /Users/Ahmedash11/Desktop/ElMenus/ElMenus-CheckIns/pom.xml.
2019-03-02 04:09:05,627 [Worker-2: Building workspace] WARN  o.e.m.c.i.embedder.EclipseLogger - Using platform encoding (UTF-8 actually) to copy filtered resources, i.e. build is platform dependent!
2019-03-02 04:09:05,628 [Worker-2: Building workspace] INFO  o.e.m.c.i.embedder.EclipseLogger - skip non existing resourceDirectory /Users/Ahmedash11/Desktop/ElMenus/ElMenus-CheckIns/src/main/resources
2019-03-02 04:09:05,630 [Worker-2: Building workspace] WARN  o.e.m.c.i.embedder.EclipseLogger - Using platform encoding (UTF-8 actually) to copy filtered resources, i.e. build is platform dependent!
2019-03-02 04:09:05,631 [Worker-2: Building workspace] INFO  o.e.m.c.i.embedder.EclipseLogger - skip non existing resourceDirectory /Users/Ahmedash11/Desktop/ElMenus/ElMenus-CheckIns/src/test/resources
2019-03-02 04:09:05,763 [Worker-31: Update Maven projects configuration] INFO  o.e.m.c.i.p.ProjectConfigurationManager - Update completed: 3 sec
2019-03-02 04:09:05,765 [Worker-31: Update Maven projects configuration] INFO  o.e.m.c.i.p.ProjectConfigurationManager - Update started
2019-03-02 04:09:06,431 [Worker-31: Update Maven projects configuration] INFO  o.e.m.c.i.l.LifecycleMappingFactory - Using org.eclipse.m2e.jdt.JarLifecycleMapping lifecycle mapping for MavenProject: ElMenus-Favorites:ElMenus-Favorites:0.0.1-SNAPSHOT @ /Users/Ahmedash11/Desktop/ElMenus/ElMenus-Favorites/pom.xml.
2019-03-02 04:09:07,300 [Worker-31: Update Maven projects configuration] INFO  o.e.m.c.i.e.AbstractTransferListenerAdapter - Downloading https://repo.maven.apache.org/maven2/org/apache/maven/plugins/maven-compiler-plugin/3.7.0/maven-compiler-plugin-3.7.0.jar
2019-03-02 04:09:07,571 [Worker-31: Update Maven projects configuration] INFO  o.e.m.c.i.e.AbstractTransferListenerAdapter - Downloaded https://repo.maven.apache.org/maven2/org/apache/maven/plugins/maven-compiler-plugin/3.7.0/maven-compiler-plugin-3.7.0.jar
2019-03-02 04:09:07,701 [Worker-31: Update Maven projects configuration] INFO  o.e.m.c.i.e.AbstractTransferListenerAdapter - Downloading https://repo.maven.apache.org/maven2/org/apache/maven/plugins/maven-compiler-plugin/3.7.0/maven-compiler-plugin-3.7.0.pom
2019-03-02 04:09:07,791 [Worker-31: Update Maven projects configuration] INFO  o.e.m.c.i.e.AbstractTransferListenerAdapter - Downloaded https://repo.maven.apache.org/maven2/org/apache/maven/plugins/maven-compiler-plugin/3.7.0/maven-compiler-plugin-3.7.0.pom
2019-03-02 04:09:07,877 [Worker-31: Update Maven projects configuration] INFO  o.e.m.c.i.e.AbstractTransferListenerAdapter - Downloading https://repo.maven.apache.org/maven2/org/apache/maven/plugins/maven-plugins/30/maven-plugins-30.pom
2019-03-02 04:09:07,971 [Worker-31: Update Maven projects configuration] INFO  o.e.m.c.i.e.AbstractTransferListenerAdapter - Downloaded https://repo.maven.apache.org/maven2/org/apache/maven/plugins/maven-plugins/30/maven-plugins-30.pom
2019-03-02 04:09:08,069 [Worker-31: Update Maven projects configuration] INFO  o.e.m.c.i.e.AbstractTransferListenerAdapter - Downloading https://repo.maven.apache.org/maven2/org/codehaus/plexus/plexus-component-annotations/1.6/plexus-component-annotations-1.6.pom
2019-03-02 04:09:08,158 [Worker-31: Update Maven projects configuration] INFO  o.e.m.c.i.e.AbstractTransferListenerAdapter - Downloaded https://repo.maven.apache.org/maven2/org/codehaus/plexus/plexus-component-annotations/1.6/plexus-component-annotations-1.6.pom
2019-03-02 04:09:08,248 [Worker-31: Update Maven projects configuration] INFO  o.e.m.c.i.e.AbstractTransferListenerAdapter - Downloading https://repo.maven.apache.org/maven2/org/codehaus/plexus/plexus-containers/1.6/plexus-containers-1.6.pom
2019-03-02 04:09:08,330 [Worker-31: Update Maven projects configuration] INFO  o.e.m.c.i.e.AbstractTransferListenerAdapter - Downloaded https://repo.maven.apache.org/maven2/org/codehaus/plexus/plexus-containers/1.6/plexus-containers-1.6.pom
2019-03-02 04:09:08,415 [Worker-31: Update Maven projects configuration] INFO  o.e.m.c.i.e.AbstractTransferListenerAdapter - Downloading https://repo.maven.apache.org/maven2/org/codehaus/plexus/plexus/3.3.2/plexus-3.3.2.pom
2019-03-02 04:09:08,520 [Worker-31: Update Maven projects configuration] INFO  o.e.m.c.i.e.AbstractTransferListenerAdapter - Downloaded https://repo.maven.apache.org/maven2/org/codehaus/plexus/plexus/3.3.2/plexus-3.3.2.pom
2019-03-02 04:09:08,610 [Worker-31: Update Maven projects configuration] INFO  o.e.m.c.i.e.AbstractTransferListenerAdapter - Downloading https://repo.maven.apache.org/maven2/org/apache/maven/shared/maven-shared-utils/3.1.0/maven-shared-utils-3.1.0.pom
2019-03-02 04:09:08,710 [Worker-31: Update Maven projects configuration] INFO  o.e.m.c.i.e.AbstractTransferListenerAdapter - Downloaded https://repo.maven.apache.org/maven2/org/apache/maven/shared/maven-shared-utils/3.1.0/maven-shared-utils-3.1.0.pom
2019-03-02 04:09:08,799 [Worker-31: Update Maven projects configuration] INFO  o.e.m.c.i.e.AbstractTransferListenerAdapter - Downloading https://repo.maven.apache.org/maven2/org/codehaus/plexus/plexus-java/0.9.2/plexus-java-0.9.2.pom
2019-03-02 04:09:08,881 [Worker-31: Update Maven projects configuration] INFO  o.e.m.c.i.e.AbstractTransferListenerAdapter - Downloaded https://repo.maven.apache.org/maven2/org/codehaus/plexus/plexus-java/0.9.2/plexus-java-0.9.2.pom
2019-03-02 04:09:08,970 [Worker-31: Update Maven projects configuration] INFO  o.e.m.c.i.e.AbstractTransferListenerAdapter - Downloading https://repo.maven.apache.org/maven2/org/codehaus/plexus/plexus-languages/0.9.2/plexus-languages-0.9.2.pom
2019-03-02 04:09:09,051 [Worker-31: Update Maven projects configuration] INFO  o.e.m.c.i.e.AbstractTransferListenerAdapter - Downloaded https://repo.maven.apache.org/maven2/org/codehaus/plexus/plexus-languages/0.9.2/plexus-languages-0.9.2.pom
2019-03-02 04:09:09,139 [Worker-31: Update Maven projects configuration] INFO  o.e.m.c.i.e.AbstractTransferListenerAdapter - Downloading https://repo.maven.apache.org/maven2/org/ow2/asm/asm/6.0_BETA/asm-6.0_BETA.pom
2019-03-02 04:09:09,219 [Worker-31: Update Maven projects configuration] INFO  o.e.m.c.i.e.AbstractTransferListenerAdapter - Downloaded https://repo.maven.apache.org/maven2/org/ow2/asm/asm/6.0_BETA/asm-6.0_BETA.pom
2019-03-02 04:09:09,320 [Worker-31: Update Maven projects configuration] INFO  o.e.m.c.i.e.AbstractTransferListenerAdapter - Downloading https://repo.maven.apache.org/maven2/org/ow2/asm/asm-parent/6.0_BETA/asm-parent-6.0_BETA.pom
2019-03-02 04:09:09,410 [Worker-31: Update Maven projects configuration] INFO  o.e.m.c.i.e.AbstractTransferListenerAdapter - Downloaded https://repo.maven.apache.org/maven2/org/ow2/asm/asm-parent/6.0_BETA/asm-parent-6.0_BETA.pom
2019-03-02 04:09:09,496 [Worker-31: Update Maven projects configuration] INFO  o.e.m.c.i.e.AbstractTransferListenerAdapter - Downloading https://repo.maven.apache.org/maven2/org/ow2/ow2/1.3/ow2-1.3.pom
2019-03-02 04:09:09,580 [Worker-31: Update Maven projects configuration] INFO  o.e.m.c.i.e.AbstractTransferListenerAdapter - Downloaded https://repo.maven.apache.org/maven2/org/ow2/ow2/1.3/ow2-1.3.pom
2019-03-02 04:09:09,667 [Worker-31: Update Maven projects configuration] INFO  o.e.m.c.i.e.AbstractTransferListenerAdapter - Downloading https://repo.maven.apache.org/maven2/com/thoughtworks/qdox/qdox/2.0-M7/qdox-2.0-M7.pom
2019-03-02 04:09:09,770 [Worker-31: Update Maven projects configuration] INFO  o.e.m.c.i.e.AbstractTransferListenerAdapter - Downloaded https://repo.maven.apache.org/maven2/com/thoughtworks/qdox/qdox/2.0-M7/qdox-2.0-M7.pom
2019-03-02 04:09:09,858 [Worker-31: Update Maven projects configuration] INFO  o.e.m.c.i.e.AbstractTransferListenerAdapter - Downloading https://repo.maven.apache.org/maven2/org/codehaus/plexus/plexus-compiler-api/2.8.2/plexus-compiler-api-2.8.2.pom
2019-03-02 04:09:09,940 [Worker-31: Update Maven projects configuration] INFO  o.e.m.c.i.e.AbstractTransferListenerAdapter - Downloaded https://repo.maven.apache.org/maven2/org/codehaus/plexus/plexus-compiler-api/2.8.2/plexus-compiler-api-2.8.2.pom
2019-03-02 04:09:10,029 [Worker-31: Update Maven projects configuration] INFO  o.e.m.c.i.e.AbstractTransferListenerAdapter - Downloading https://repo.maven.apache.org/maven2/org/codehaus/plexus/plexus-compiler/2.8.2/plexus-compiler-2.8.2.pom
2019-03-02 04:09:10,122 [Worker-31: Update Maven projects configuration] INFO  o.e.m.c.i.e.AbstractTransferListenerAdapter - Downloaded https://repo.maven.apache.org/maven2/org/codehaus/plexus/plexus-compiler/2.8.2/plexus-compiler-2.8.2.pom
2019-03-02 04:09:10,205 [Worker-31: Update Maven projects configuration] INFO  o.e.m.c.i.e.AbstractTransferListenerAdapter - Downloading https://repo.maven.apache.org/maven2/org/codehaus/plexus/plexus-compiler-manager/2.8.2/plexus-compiler-manager-2.8.2.pom
2019-03-02 04:09:10,339 [Worker-31: Update Maven projects configuration] INFO  o.e.m.c.i.e.AbstractTransferListenerAdapter - Downloaded https://repo.maven.apache.org/maven2/org/codehaus/plexus/plexus-compiler-manager/2.8.2/plexus-compiler-manager-2.8.2.pom
2019-03-02 04:09:10,441 [Worker-31: Update Maven projects configuration] INFO  o.e.m.c.i.e.AbstractTransferListenerAdapter - Downloading https://repo.maven.apache.org/maven2/org/codehaus/plexus/plexus-compiler-javac/2.8.2/plexus-compiler-javac-2.8.2.pom
2019-03-02 04:09:10,531 [Worker-31: Update Maven projects configuration] INFO  o.e.m.c.i.e.AbstractTransferListenerAdapter - Downloaded https://repo.maven.apache.org/maven2/org/codehaus/plexus/plexus-compiler-javac/2.8.2/plexus-compiler-javac-2.8.2.pom
2019-03-02 04:09:10,619 [Worker-31: Update Maven projects configuration] INFO  o.e.m.c.i.e.AbstractTransferListenerAdapter - Downloading https://repo.maven.apache.org/maven2/org/codehaus/plexus/plexus-compilers/2.8.2/plexus-compilers-2.8.2.pom
2019-03-02 04:09:10,700 [Worker-31: Update Maven projects configuration] INFO  o.e.m.c.i.e.AbstractTransferListenerAdapter - Downloaded https://repo.maven.apache.org/maven2/org/codehaus/plexus/plexus-compilers/2.8.2/plexus-compilers-2.8.2.pom
2019-03-02 04:09:10,799 [Worker-31: Update Maven projects configuration] INFO  o.e.m.c.i.e.AbstractTransferListenerAdapter - Downloading https://repo.maven.apache.org/maven2/org/codehaus/plexus/plexus-component-annotations/1.6/plexus-component-annotations-1.6.jar
2019-03-02 04:09:10,900 [Worker-31: Update Maven projects configuration] INFO  o.e.m.c.i.e.AbstractTransferListenerAdapter - Downloaded https://repo.maven.apache.org/maven2/org/codehaus/plexus/plexus-component-annotations/1.6/plexus-component-annotations-1.6.jar
2019-03-02 04:09:10,979 [Worker-31: Update Maven projects configuration] INFO  o.e.m.c.i.e.AbstractTransferListenerAdapter - Downloading https://repo.maven.apache.org/maven2/org/apache/maven/shared/maven-shared-utils/3.1.0/maven-shared-utils-3.1.0.jar
2019-03-02 04:09:11,223 [Worker-31: Update Maven projects configuration] INFO  o.e.m.c.i.e.AbstractTransferListenerAdapter - Downloaded https://repo.maven.apache.org/maven2/org/apache/maven/shared/maven-shared-utils/3.1.0/maven-shared-utils-3.1.0.jar
2019-03-02 04:09:11,320 [Worker-31: Update Maven projects configuration] INFO  o.e.m.c.i.e.AbstractTransferListenerAdapter - Downloading https://repo.maven.apache.org/maven2/org/codehaus/plexus/plexus-java/0.9.2/plexus-java-0.9.2.jar
2019-03-02 04:09:11,420 [Worker-31: Update Maven projects configuration] INFO  o.e.m.c.i.e.AbstractTransferListenerAdapter - Downloaded https://repo.maven.apache.org/maven2/org/codehaus/plexus/plexus-java/0.9.2/plexus-java-0.9.2.jar
2019-03-02 04:09:11,514 [Worker-31: Update Maven projects configuration] INFO  o.e.m.c.i.e.AbstractTransferListenerAdapter - Downloading https://repo.maven.apache.org/maven2/org/ow2/asm/asm/6.0_BETA/asm-6.0_BETA.jar
2019-03-02 04:09:11,630 [Worker-31: Update Maven projects configuration] INFO  o.e.m.c.i.e.AbstractTransferListenerAdapter - Downloaded https://repo.maven.apache.org/maven2/org/ow2/asm/asm/6.0_BETA/asm-6.0_BETA.jar
2019-03-02 04:09:11,716 [Worker-31: Update Maven projects configuration] INFO  o.e.m.c.i.e.AbstractTransferListenerAdapter - Downloading https://repo.maven.apache.org/maven2/com/thoughtworks/qdox/qdox/2.0-M7/qdox-2.0-M7.jar
2019-03-02 04:09:12,050 [Worker-31: Update Maven projects configuration] INFO  o.e.m.c.i.e.AbstractTransferListenerAdapter - Downloaded https://repo.maven.apache.org/maven2/com/thoughtworks/qdox/qdox/2.0-M7/qdox-2.0-M7.jar
2019-03-02 04:09:12,128 [Worker-31: Update Maven projects configuration] INFO  o.e.m.c.i.e.AbstractTransferListenerAdapter - Downloading https://repo.maven.apache.org/maven2/org/codehaus/plexus/plexus-compiler-api/2.8.2/plexus-compiler-api-2.8.2.jar
2019-03-02 04:09:12,467 [Worker-31: Update Maven projects configuration] INFO  o.e.m.c.i.e.AbstractTransferListenerAdapter - Downloaded https://repo.maven.apache.org/maven2/org/codehaus/plexus/plexus-compiler-api/2.8.2/plexus-compiler-api-2.8.2.jar
2019-03-02 04:09:12,659 [Worker-31: Update Maven projects configuration] INFO  o.e.m.c.i.e.AbstractTransferListenerAdapter - Downloading https://repo.maven.apache.org/maven2/org/codehaus/plexus/plexus-compiler-manager/2.8.2/plexus-compiler-manager-2.8.2.jar
2019-03-02 04:09:12,867 [Worker-31: Update Maven projects configuration] INFO  o.e.m.c.i.e.AbstractTransferListenerAdapter - Downloaded https://repo.maven.apache.org/maven2/org/codehaus/plexus/plexus-compiler-manager/2.8.2/plexus-compiler-manager-2.8.2.jar
2019-03-02 04:09:12,952 [Worker-31: Update Maven projects configuration] INFO  o.e.m.c.i.e.AbstractTransferListenerAdapter - Downloading https://repo.maven.apache.org/maven2/org/codehaus/plexus/plexus-compiler-javac/2.8.2/plexus-compiler-javac-2.8.2.jar
2019-03-02 04:09:13,157 [Worker-31: Update Maven projects configuration] INFO  o.e.m.c.i.e.AbstractTransferListenerAdapter - Downloaded https://repo.maven.apache.org/maven2/org/codehaus/plexus/plexus-compiler-javac/2.8.2/plexus-compiler-javac-2.8.2.jar
2019-03-02 04:09:13,324 [Worker-31: Update Maven projects configuration] INFO  o.e.m.c.i.l.LifecycleMappingFactory - Using org.eclipse.m2e.jdt.JarLifecycleMapping lifecycle mapping for MavenProject: ElMenus-Comments:ElMenus-Comments:0.0.1-SNAPSHOT @ /Users/Ahmedash11/Desktop/ElMenus/ElMenus-Comments/pom.xml.
2019-03-02 04:09:13,358 [Worker-31: Update Maven projects configuration] INFO  o.e.m.c.i.l.LifecycleMappingFactory - Using org.eclipse.m2e.jdt.JarLifecycleMapping lifecycle mapping for MavenProject: ElMenus-Users:ElMenus-Users:0.0.1-SNAPSHOT @ /Users/Ahmedash11/Desktop/ElMenus/ElMenus-Users/pom.xml.
2019-03-02 04:09:13,384 [Worker-31: Update Maven projects configuration] INFO  o.e.m.c.i.l.LifecycleMappingFactory - Using org.eclipse.m2e.jdt.JarLifecycleMapping lifecycle mapping for MavenProject: ElMenus-Database:ElMenus-Database:0.0.1-SNAPSHOT @ /Users/Ahmedash11/Desktop/ElMenus/ElMenus-Database/pom.xml.
2019-03-02 04:09:13,412 [Worker-31: Update Maven projects configuration] INFO  o.e.m.c.i.l.LifecycleMappingFactory - Using org.eclipse.m2e.jdt.JarLifecycleMapping lifecycle mapping for MavenProject: ElMenus-Restaurants:ElMenus-Restaurants:0.0.1-SNAPSHOT @ /Users/Ahmedash11/Desktop/ElMenus/ElMenus-Restaurants/pom.xml.
2019-03-02 04:09:13,438 [Worker-31: Update Maven projects configuration] INFO  o.e.m.c.i.l.LifecycleMappingFactory - Using org.eclipse.m2e.jdt.JarLifecycleMapping lifecycle mapping for MavenProject: ElMenus-Search:ElMenus-Search:0.0.1-SNAPSHOT @ /Users/Ahmedash11/Desktop/ElMenus/ElMenus-Search/pom.xml.
2019-03-02 04:09:13,468 [Worker-31: Update Maven projects configuration] INFO  o.e.m.c.i.l.LifecycleMappingFactory - Using org.eclipse.m2e.jdt.JarLifecycleMapping lifecycle mapping for MavenProject: ElMenus-Orders:ElMenus-Orders:0.0.1-SNAPSHOT @ /Users/Ahmedash11/Desktop/ElMenus/ElMenus-Orders/pom.xml.
2019-03-02 04:09:13,491 [Worker-31: Update Maven projects configuration] INFO  o.e.m.c.i.l.LifecycleMappingFactory - Using org.eclipse.m2e.jdt.JarLifecycleMapping lifecycle mapping for MavenProject: ElMenus-Reviews:ElMenus-Reviews:0.0.1-SNAPSHOT @ /Users/Ahmedash11/Desktop/ElMenus/ElMenus-Reviews/pom.xml.
2019-03-02 04:09:13,518 [Worker-31: Update Maven projects configuration] INFO  o.e.m.c.i.l.LifecycleMappingFactory - Using org.eclipse.m2e.jdt.JarLifecycleMapping lifecycle mapping for MavenProject: ElMenus-Chat:ElMenus-Chat:0.0.1-SNAPSHOT @ /Users/Ahmedash11/Desktop/ElMenus/ElMenus-Chat/pom.xml.
2019-03-02 04:09:13,546 [Worker-31: Update Maven projects configuration] INFO  o.e.m.c.i.l.LifecycleMappingFactory - Using org.eclipse.m2e.jdt.JarLifecycleMapping lifecycle mapping for MavenProject: ElMenus-Blocks:ElMenus-Blocks:0.0.1-SNAPSHOT @ /Users/Ahmedash11/Desktop/ElMenus/ElMenus-Blocks/pom.xml.
2019-03-02 04:09:13,568 [Worker-31: Update Maven projects configuration] INFO  o.e.m.c.i.l.LifecycleMappingFactory - Using org.eclipse.m2e.jdt.JarLifecycleMapping lifecycle mapping for MavenProject: ElMenus-Reports:ElMenus-Reports:0.0.1-SNAPSHOT @ /Users/Ahmedash11/Desktop/ElMenus/ElMenus-Reports/pom.xml.
2019-03-02 04:09:13,596 [Worker-31: Update Maven projects configuration] INFO  o.e.m.c.i.l.LifecycleMappingFactory - Using org.eclipse.m2e.jdt.JarLifecycleMapping lifecycle mapping for MavenProject: ElMenus-CheckIns:ElMenus-CheckIns:0.0.1-SNAPSHOT @ /Users/Ahmedash11/Desktop/ElMenus/ElMenus-CheckIns/pom.xml.
2019-03-02 04:09:13,621 [Worker-31: Update Maven projects configuration] INFO  o.e.m.c.i.l.LifecycleMappingFactory - Using org.eclipse.m2e.jdt.JarLifecycleMapping lifecycle mapping for MavenProject: ElMenus-Bucketlists:ElMenus-Bucketlists:0.0.1-SNAPSHOT @ /Users/Ahmedash11/Desktop/ElMenus/ElMenus-Bucketlists/pom.xml.
2019-03-02 04:09:13,644 [Worker-31: Update Maven projects configuration] INFO  o.e.m.c.i.l.LifecycleMappingFactory - Using org.eclipse.m2e.jdt.JarLifecycleMapping lifecycle mapping for MavenProject: ElMenus-Likes:ElMenus-Likes:0.0.1-SNAPSHOT @ /Users/Ahmedash11/Desktop/ElMenus/ElMenus-Likes/pom.xml.
2019-03-02 04:09:13,685 [Worker-31: Update Maven projects configuration] INFO  o.e.m.c.i.l.LifecycleMappingFactory - Using org.eclipse.m2e.jdt.JarLifecycleMapping lifecycle mapping for MavenProject: El-Menus:El-Menus:0.0.1-SNAPSHOT @ /Users/Ahmedash11/Desktop/ElMenus/ElMenus-Server/pom.xml.
2019-03-02 04:09:13,759 [Worker-31: Update Maven projects configuration] INFO  o.e.m.c.i.l.LifecycleMappingFactory - Using org.eclipse.m2e.jdt.JarLifecycleMapping lifecycle mapping for MavenProject: ElMenus-Followers:ElMenus-Followers:0.0.1-SNAPSHOT @ /Users/Ahmedash11/Desktop/ElMenus/ElMenus-Followers/pom.xml.
2019-03-02 04:09:13,794 [Worker-31: Update Maven projects configuration] INFO  o.e.m.c.i.l.LifecycleMappingFactory - Using org.eclipse.m2e.jdt.JarLifecycleMapping lifecycle mapping for MavenProject: ElMenus-Plates:ElMenus-Plates:0.0.1-SNAPSHOT @ /Users/Ahmedash11/Desktop/ElMenus/ElMenus-Plates/pom.xml.
2019-03-02 04:09:13,825 [Worker-31: Update Maven projects configuration] INFO  o.e.m.c.i.l.LifecycleMappingFactory - Using org.eclipse.m2e.jdt.JarLifecycleMapping lifecycle mapping for MavenProject: ElMenus-Notifications:ElMenus-Notifications:0.0.1-SNAPSHOT @ /Users/Ahmedash11/Desktop/ElMenus/ElMenus-Notifications/pom.xml.
2019-03-02 04:09:13,862 [Worker-31: Update Maven projects configuration] INFO  o.e.m.c.i.l.LifecycleMappingFactory - Using org.eclipse.m2e.jdt.JarLifecycleMapping lifecycle mapping for MavenProject: ElMenus-Questions:ElMenus-Questions:0.0.1-SNAPSHOT @ /Users/Ahmedash11/Desktop/ElMenus/ElMenus-Questions/pom.xml.
2019-03-02 04:09:13,895 [Worker-31: Update Maven projects configuration] INFO  o.e.m.c.i.l.LifecycleMappingFactory - Using org.eclipse.m2e.jdt.JarLifecycleMapping lifecycle mapping for MavenProject: ElMenus-Auth:ElMenus-Auth:0.0.1-SNAPSHOT @ /Users/Ahmedash11/Desktop/ElMenus/ElMenus-Auth/pom.xml.
2019-03-02 04:09:14,816 [Worker-4: Building workspace] WARN  o.e.m.c.i.embedder.EclipseLogger - Using platform encoding (UTF-8 actually) to copy filtered resources, i.e. build is platform dependent!
2019-03-02 04:09:14,825 [Worker-4: Building workspace] INFO  o.e.m.c.i.embedder.EclipseLogger - skip non existing resourceDirectory /Users/Ahmedash11/Desktop/ElMenus/ElMenus-Comments/src/main/resources
2019-03-02 04:09:14,826 [Worker-4: Building workspace] WARN  o.e.m.c.i.embedder.EclipseLogger - Using platform encoding (UTF-8 actually) to copy filtered resources, i.e. build is platform dependent!
2019-03-02 04:09:14,827 [Worker-4: Building workspace] INFO  o.e.m.c.i.embedder.EclipseLogger - skip non existing resourceDirectory /Users/Ahmedash11/Desktop/ElMenus/ElMenus-Comments/src/test/resources
2019-03-02 04:09:14,833 [Worker-31: Update Maven projects configuration] INFO  o.e.m.j.i.AbstractJavaProjectConfigurator - Adding source folder /ElMenus-Favorites/src
2019-03-02 04:09:14,833 [Worker-31: Update Maven projects configuration] INFO  o.e.m.j.i.AbstractJavaProjectConfigurator - Not adding source folder /ElMenus-Favorites/src/test/java because it overlaps with /ElMenus-Favorites/src
2019-03-02 04:09:15,050 [Worker-31: Update Maven projects configuration] INFO  o.e.m.j.i.AbstractJavaProjectConfigurator - Adding source folder /ElMenus-Comments/src
2019-03-02 04:09:15,051 [Worker-31: Update Maven projects configuration] INFO  o.e.m.j.i.AbstractJavaProjectConfigurator - Not adding source folder /ElMenus-Comments/src/test/java because it overlaps with /ElMenus-Comments/src
2019-03-02 04:09:15,350 [Worker-31: Update Maven projects configuration] INFO  o.e.m.j.i.AbstractJavaProjectConfigurator - Adding source folder /ElMenus-Users/src
2019-03-02 04:09:15,351 [Worker-31: Update Maven projects configuration] INFO  o.e.m.j.i.AbstractJavaProjectConfigurator - Not adding source folder /ElMenus-Users/src/test/java because it overlaps with /ElMenus-Users/src
2019-03-02 04:09:15,552 [Worker-31: Update Maven projects configuration] INFO  o.e.m.j.i.AbstractJavaProjectConfigurator - Adding source folder /ElMenus-Database/src
2019-03-02 04:09:15,552 [Worker-31: Update Maven projects configuration] INFO  o.e.m.j.i.AbstractJavaProjectConfigurator - Not adding source folder /ElMenus-Database/src/test/java because it overlaps with /ElMenus-Database/src
2019-03-02 04:09:16,061 [Worker-31: Update Maven projects configuration] INFO  o.e.m.j.i.AbstractJavaProjectConfigurator - Adding source folder /ElMenus-Restaurants/src
2019-03-02 04:09:16,061 [Worker-31: Update Maven projects configuration] INFO  o.e.m.j.i.AbstractJavaProjectConfigurator - Not adding source folder /ElMenus-Restaurants/src/test/java because it overlaps with /ElMenus-Restaurants/src
2019-03-02 04:09:16,347 [Worker-31: Update Maven projects configuration] INFO  o.e.m.j.i.AbstractJavaProjectConfigurator - Adding source folder /ElMenus-Search/src
2019-03-02 04:09:16,347 [Worker-31: Update Maven projects configuration] INFO  o.e.m.j.i.AbstractJavaProjectConfigurator - Not adding source folder /ElMenus-Search/src/test/java because it overlaps with /ElMenus-Search/src
2019-03-02 04:09:16,644 [Worker-31: Update Maven projects configuration] INFO  o.e.m.j.i.AbstractJavaProjectConfigurator - Adding source folder /ElMenus-Orders/src
2019-03-02 04:09:16,647 [Worker-31: Update Maven projects configuration] INFO  o.e.m.j.i.AbstractJavaProjectConfigurator - Not adding source folder /ElMenus-Orders/src/test/java because it overlaps with /ElMenus-Orders/src
2019-03-02 04:09:16,947 [Worker-31: Update Maven projects configuration] INFO  o.e.m.j.i.AbstractJavaProjectConfigurator - Adding source folder /ElMenus-Reviews/src
2019-03-02 04:09:16,947 [Worker-31: Update Maven projects configuration] INFO  o.e.m.j.i.AbstractJavaProjectConfigurator - Not adding source folder /ElMenus-Reviews/src/test/java because it overlaps with /ElMenus-Reviews/src
2019-03-02 04:09:17,198 [Worker-31: Update Maven projects configuration] INFO  o.e.m.j.i.AbstractJavaProjectConfigurator - Adding source folder /ElMenus-Chat/src
2019-03-02 04:09:17,200 [Worker-31: Update Maven projects configuration] INFO  o.e.m.j.i.AbstractJavaProjectConfigurator - Not adding source folder /ElMenus-Chat/src/test/java because it overlaps with /ElMenus-Chat/src
2019-03-02 04:09:17,468 [Worker-31: Update Maven projects configuration] INFO  o.e.m.j.i.AbstractJavaProjectConfigurator - Adding source folder /ElMenus-Blocks/src
2019-03-02 04:09:17,468 [Worker-31: Update Maven projects configuration] INFO  o.e.m.j.i.AbstractJavaProjectConfigurator - Not adding source folder /ElMenus-Blocks/src/test/java because it overlaps with /ElMenus-Blocks/src
2019-03-02 04:09:17,707 [Worker-31: Update Maven projects configuration] INFO  o.e.m.j.i.AbstractJavaProjectConfigurator - Adding source folder /ElMenus-Reports/src
2019-03-02 04:09:17,707 [Worker-31: Update Maven projects configuration] INFO  o.e.m.j.i.AbstractJavaProjectConfigurator - Not adding source folder /ElMenus-Reports/src/test/java because it overlaps with /ElMenus-Reports/src
2019-03-02 04:09:17,977 [Worker-31: Update Maven projects configuration] INFO  o.e.m.j.i.AbstractJavaProjectConfigurator - Adding source folder /ElMenus-CheckIns/src
2019-03-02 04:09:17,977 [Worker-31: Update Maven projects configuration] INFO  o.e.m.j.i.AbstractJavaProjectConfigurator - Not adding source folder /ElMenus-CheckIns/src/test/java because it overlaps with /ElMenus-CheckIns/src
2019-03-02 04:09:18,194 [Worker-31: Update Maven projects configuration] INFO  o.e.m.j.i.AbstractJavaProjectConfigurator - Adding source folder /ElMenus-Bucketlists/src
2019-03-02 04:09:18,195 [Worker-31: Update Maven projects configuration] INFO  o.e.m.j.i.AbstractJavaProjectConfigurator - Not adding source folder /ElMenus-Bucketlists/src/test/java because it overlaps with /ElMenus-Bucketlists/src
2019-03-02 04:09:18,398 [Worker-31: Update Maven projects configuration] INFO  o.e.m.j.i.AbstractJavaProjectConfigurator - Adding source folder /ElMenus-Likes/src
2019-03-02 04:09:18,399 [Worker-31: Update Maven projects configuration] INFO  o.e.m.j.i.AbstractJavaProjectConfigurator - Not adding source folder /ElMenus-Likes/src/test/java because it overlaps with /ElMenus-Likes/src
2019-03-02 04:09:18,670 [Worker-31: Update Maven projects configuration] INFO  o.e.m.j.i.AbstractJavaProjectConfigurator - Adding source folder /ElMenus-Server/src
2019-03-02 04:09:18,670 [Worker-31: Update Maven projects configuration] INFO  o.e.m.j.i.AbstractJavaProjectConfigurator - Not adding source folder /ElMenus-Server/src/test/java because it overlaps with /ElMenus-Server/src
2019-03-02 04:09:18,882 [Worker-31: Update Maven projects configuration] INFO  o.e.m.j.i.AbstractJavaProjectConfigurator - Adding source folder /ElMenus-Followers/src
2019-03-02 04:09:18,883 [Worker-31: Update Maven projects configuration] INFO  o.e.m.j.i.AbstractJavaProjectConfigurator - Not adding source folder /ElMenus-Followers/src/test/java because it overlaps with /ElMenus-Followers/src
2019-03-02 04:09:19,111 [Worker-31: Update Maven projects configuration] INFO  o.e.m.j.i.AbstractJavaProjectConfigurator - Adding source folder /ElMenus-Plates/src
2019-03-02 04:09:19,111 [Worker-31: Update Maven projects configuration] INFO  o.e.m.j.i.AbstractJavaProjectConfigurator - Not adding source folder /ElMenus-Plates/src/test/java because it overlaps with /ElMenus-Plates/src
2019-03-02 04:09:19,238 [Worker-31: Update Maven projects configuration] INFO  o.e.m.j.i.AbstractJavaProjectConfigurator - Adding source folder /ElMenus-Notifications/src
2019-03-02 04:09:19,239 [Worker-31: Update Maven projects configuration] INFO  o.e.m.j.i.AbstractJavaProjectConfigurator - Not adding source folder /ElMenus-Notifications/src/test/java because it overlaps with /ElMenus-Notifications/src
2019-03-02 04:09:19,412 [Worker-31: Update Maven projects configuration] INFO  o.e.m.j.i.AbstractJavaProjectConfigurator - Adding source folder /ElMenus-Questions/src
2019-03-02 04:09:19,413 [Worker-31: Update Maven projects configuration] INFO  o.e.m.j.i.AbstractJavaProjectConfigurator - Not adding source folder /ElMenus-Questions/src/test/java because it overlaps with /ElMenus-Questions/src
2019-03-02 04:09:19,590 [Worker-31: Update Maven projects configuration] INFO  o.e.m.j.i.AbstractJavaProjectConfigurator - Adding source folder /ElMenus-Auth/src
2019-03-02 04:09:19,591 [Worker-31: Update Maven projects configuration] INFO  o.e.m.j.i.AbstractJavaProjectConfigurator - Not adding source folder /ElMenus-Auth/src/test/java because it overlaps with /ElMenus-Auth/src
2019-03-02 04:09:19,737 [Worker-31: Update Maven projects configuration] INFO  o.e.m.c.i.p.ProjectConfigurationManager - Update completed: 13 sec
2019-03-02 04:09:20,015 [Worker-13: Building workspace] WARN  o.e.m.c.i.embedder.EclipseLogger - Using platform encoding (UTF-8 actually) to copy filtered resources, i.e. build is platform dependent!
2019-03-02 04:09:20,024 [Worker-13: Building workspace] INFO  o.e.m.c.i.embedder.EclipseLogger - skip non existing resourceDirectory /Users/Ahmedash11/Desktop/ElMenus/ElMenus-Auth/src/main/resources
2019-03-02 04:09:20,026 [Worker-13: Building workspace] WARN  o.e.m.c.i.embedder.EclipseLogger - Using platform encoding (UTF-8 actually) to copy filtered resources, i.e. build is platform dependent!
2019-03-02 04:09:20,026 [Worker-13: Building workspace] INFO  o.e.m.c.i.embedder.EclipseLogger - skip non existing resourceDirectory /Users/Ahmedash11/Desktop/ElMenus/ElMenus-Auth/src/test/resources
2019-03-02 04:09:20,693 [Worker-13: Building workspace] WARN  o.e.m.c.i.embedder.EclipseLogger - Using platform encoding (UTF-8 actually) to copy filtered resources, i.e. build is platform dependent!
2019-03-02 04:09:20,694 [Worker-13: Building workspace] INFO  o.e.m.c.i.embedder.EclipseLogger - skip non existing resourceDirectory /Users/Ahmedash11/Desktop/ElMenus/ElMenus-Blocks/src/main/resources
2019-03-02 04:09:20,696 [Worker-13: Building workspace] WARN  o.e.m.c.i.embedder.EclipseLogger - Using platform encoding (UTF-8 actually) to copy filtered resources, i.e. build is platform dependent!
2019-03-02 04:09:20,698 [Worker-13: Building workspace] INFO  o.e.m.c.i.embedder.EclipseLogger - skip non existing resourceDirectory /Users/Ahmedash11/Desktop/ElMenus/ElMenus-Blocks/src/test/resources
2019-03-02 04:09:20,810 [Worker-13: Building workspace] WARN  o.e.m.c.i.embedder.EclipseLogger - Using platform encoding (UTF-8 actually) to copy filtered resources, i.e. build is platform dependent!
2019-03-02 04:09:20,818 [Worker-13: Building workspace] INFO  o.e.m.c.i.embedder.EclipseLogger - skip non existing resourceDirectory /Users/Ahmedash11/Desktop/ElMenus/ElMenus-Bucketlists/src/main/resources
2019-03-02 04:09:20,819 [Worker-13: Building workspace] WARN  o.e.m.c.i.embedder.EclipseLogger - Using platform encoding (UTF-8 actually) to copy filtered resources, i.e. build is platform dependent!
2019-03-02 04:09:20,820 [Worker-13: Building workspace] INFO  o.e.m.c.i.embedder.EclipseLogger - skip non existing resourceDirectory /Users/Ahmedash11/Desktop/ElMenus/ElMenus-Bucketlists/src/test/resources
2019-03-02 04:09:20,914 [Worker-13: Building workspace] WARN  o.e.m.c.i.embedder.EclipseLogger - Using platform encoding (UTF-8 actually) to copy filtered resources, i.e. build is platform dependent!
2019-03-02 04:09:20,915 [Worker-13: Building workspace] INFO  o.e.m.c.i.embedder.EclipseLogger - skip non existing resourceDirectory /Users/Ahmedash11/Desktop/ElMenus/ElMenus-Chat/src/main/resources
2019-03-02 04:09:20,916 [Worker-13: Building workspace] WARN  o.e.m.c.i.embedder.EclipseLogger - Using platform encoding (UTF-8 actually) to copy filtered resources, i.e. build is platform dependent!
2019-03-02 04:09:20,917 [Worker-13: Building workspace] INFO  o.e.m.c.i.embedder.EclipseLogger - skip non existing resourceDirectory /Users/Ahmedash11/Desktop/ElMenus/ElMenus-Chat/src/test/resources
2019-03-02 04:09:21,019 [Worker-13: Building workspace] WARN  o.e.m.c.i.embedder.EclipseLogger - Using platform encoding (UTF-8 actually) to copy filtered resources, i.e. build is platform dependent!
2019-03-02 04:09:21,020 [Worker-13: Building workspace] INFO  o.e.m.c.i.embedder.EclipseLogger - skip non existing resourceDirectory /Users/Ahmedash11/Desktop/ElMenus/ElMenus-CheckIns/src/main/resources
2019-03-02 04:09:21,021 [Worker-13: Building workspace] WARN  o.e.m.c.i.embedder.EclipseLogger - Using platform encoding (UTF-8 actually) to copy filtered resources, i.e. build is platform dependent!
2019-03-02 04:09:21,021 [Worker-13: Building workspace] INFO  o.e.m.c.i.embedder.EclipseLogger - skip non existing resourceDirectory /Users/Ahmedash11/Desktop/ElMenus/ElMenus-CheckIns/src/test/resources
2019-03-02 04:09:21,053 [Worker-13: Building workspace] WARN  o.e.m.c.i.embedder.EclipseLogger - Using platform encoding (UTF-8 actually) to copy filtered resources, i.e. build is platform dependent!
2019-03-02 04:09:21,126 [Worker-13: Building workspace] INFO  o.e.m.c.i.embedder.EclipseLogger - skip non existing resourceDirectory /Users/Ahmedash11/Desktop/ElMenus/ElMenus-Comments/src/main/resources
2019-03-02 04:09:21,131 [Worker-13: Building workspace] WARN  o.e.m.c.i.embedder.EclipseLogger - Using platform encoding (UTF-8 actually) to copy filtered resources, i.e. build is platform dependent!
2019-03-02 04:09:21,132 [Worker-13: Building workspace] INFO  o.e.m.c.i.embedder.EclipseLogger - skip non existing resourceDirectory /Users/Ahmedash11/Desktop/ElMenus/ElMenus-Comments/src/test/resources
2019-03-02 04:09:21,175 [Worker-13: Building workspace] WARN  o.e.m.c.i.embedder.EclipseLogger - Using platform encoding (UTF-8 actually) to copy filtered resources, i.e. build is platform dependent!
2019-03-02 04:09:21,176 [Worker-13: Building workspace] INFO  o.e.m.c.i.embedder.EclipseLogger - skip non existing resourceDirectory /Users/Ahmedash11/Desktop/ElMenus/ElMenus-Database/src/main/resources
2019-03-02 04:09:21,178 [Worker-13: Building workspace] WARN  o.e.m.c.i.embedder.EclipseLogger - Using platform encoding (UTF-8 actually) to copy filtered resources, i.e. build is platform dependent!
2019-03-02 04:09:21,186 [Worker-13: Building workspace] INFO  o.e.m.c.i.embedder.EclipseLogger - skip non existing resourceDirectory /Users/Ahmedash11/Desktop/ElMenus/ElMenus-Database/src/test/resources
2019-03-02 04:09:21,285 [Worker-13: Building workspace] WARN  o.e.m.c.i.embedder.EclipseLogger - Using platform encoding (UTF-8 actually) to copy filtered resources, i.e. build is platform dependent!
2019-03-02 04:09:21,286 [Worker-13: Building workspace] INFO  o.e.m.c.i.embedder.EclipseLogger - skip non existing resourceDirectory /Users/Ahmedash11/Desktop/ElMenus/ElMenus-Favorites/src/main/resources
2019-03-02 04:09:21,288 [Worker-13: Building workspace] WARN  o.e.m.c.i.embedder.EclipseLogger - Using platform encoding (UTF-8 actually) to copy filtered resources, i.e. build is platform dependent!
2019-03-02 04:09:21,288 [Worker-13: Building workspace] INFO  o.e.m.c.i.embedder.EclipseLogger - skip non existing resourceDirectory /Users/Ahmedash11/Desktop/ElMenus/ElMenus-Favorites/src/test/resources
2019-03-02 04:09:21,368 [Worker-13: Building workspace] WARN  o.e.m.c.i.embedder.EclipseLogger - Using platform encoding (UTF-8 actually) to copy filtered resources, i.e. build is platform dependent!
2019-03-02 04:09:21,370 [Worker-13: Building workspace] INFO  o.e.m.c.i.embedder.EclipseLogger - skip non existing resourceDirectory /Users/Ahmedash11/Desktop/ElMenus/ElMenus-Followers/src/main/resources
2019-03-02 04:09:21,372 [Worker-13: Building workspace] WARN  o.e.m.c.i.embedder.EclipseLogger - Using platform encoding (UTF-8 actually) to copy filtered resources, i.e. build is platform dependent!
2019-03-02 04:09:21,373 [Worker-13: Building workspace] INFO  o.e.m.c.i.embedder.EclipseLogger - skip non existing resourceDirectory /Users/Ahmedash11/Desktop/ElMenus/ElMenus-Followers/src/test/resources
2019-03-02 04:09:21,486 [Worker-13: Building workspace] WARN  o.e.m.c.i.embedder.EclipseLogger - Using platform encoding (UTF-8 actually) to copy filtered resources, i.e. build is platform dependent!
2019-03-02 04:09:21,497 [Worker-13: Building workspace] INFO  o.e.m.c.i.embedder.EclipseLogger - skip non existing resourceDirectory /Users/Ahmedash11/Desktop/ElMenus/ElMenus-Likes/src/main/resources
2019-03-02 04:09:21,500 [Worker-13: Building workspace] WARN  o.e.m.c.i.embedder.EclipseLogger - Using platform encoding (UTF-8 actually) to copy filtered resources, i.e. build is platform dependent!
2019-03-02 04:09:21,501 [Worker-13: Building workspace] INFO  o.e.m.c.i.embedder.EclipseLogger - skip non existing resourceDirectory /Users/Ahmedash11/Desktop/ElMenus/ElMenus-Likes/src/test/resources
2019-03-02 04:09:21,591 [Worker-13: Building workspace] WARN  o.e.m.c.i.embedder.EclipseLogger - Using platform encoding (UTF-8 actually) to copy filtered resources, i.e. build is platform dependent!
2019-03-02 04:09:21,592 [Worker-13: Building workspace] INFO  o.e.m.c.i.embedder.EclipseLogger - skip non existing resourceDirectory /Users/Ahmedash11/Desktop/ElMenus/ElMenus-Notifications/src/main/resources
2019-03-02 04:09:21,594 [Worker-13: Building workspace] WARN  o.e.m.c.i.embedder.EclipseLogger - Using platform encoding (UTF-8 actually) to copy filtered resources, i.e. build is platform dependent!
2019-03-02 04:09:21,603 [Worker-13: Building workspace] INFO  o.e.m.c.i.embedder.EclipseLogger - skip non existing resourceDirectory /Users/Ahmedash11/Desktop/ElMenus/ElMenus-Notifications/src/test/resources
2019-03-02 04:09:21,776 [Worker-13: Building workspace] WARN  o.e.m.c.i.embedder.EclipseLogger - Using platform encoding (UTF-8 actually) to copy filtered resources, i.e. build is platform dependent!
2019-03-02 04:09:21,777 [Worker-13: Building workspace] INFO  o.e.m.c.i.embedder.EclipseLogger - skip non existing resourceDirectory /Users/Ahmedash11/Desktop/ElMenus/ElMenus-Orders/src/main/resources
2019-03-02 04:09:21,779 [Worker-13: Building workspace] WARN  o.e.m.c.i.embedder.EclipseLogger - Using platform encoding (UTF-8 actually) to copy filtered resources, i.e. build is platform dependent!
2019-03-02 04:09:21,780 [Worker-13: Building workspace] INFO  o.e.m.c.i.embedder.EclipseLogger - skip non existing resourceDirectory /Users/Ahmedash11/Desktop/ElMenus/ElMenus-Orders/src/test/resources
2019-03-02 04:09:21,920 [Worker-13: Building workspace] WARN  o.e.m.c.i.embedder.EclipseLogger - Using platform encoding (UTF-8 actually) to copy filtered resources, i.e. build is platform dependent!
2019-03-02 04:09:21,929 [Worker-13: Building workspace] INFO  o.e.m.c.i.embedder.EclipseLogger - skip non existing resourceDirectory /Users/Ahmedash11/Desktop/ElMenus/ElMenus-Plates/src/main/resources
2019-03-02 04:09:21,930 [Worker-13: Building workspace] WARN  o.e.m.c.i.embedder.EclipseLogger - Using platform encoding (UTF-8 actually) to copy filtered resources, i.e. build is platform dependent!
2019-03-02 04:09:21,931 [Worker-13: Building workspace] INFO  o.e.m.c.i.embedder.EclipseLogger - skip non existing resourceDirectory /Users/Ahmedash11/Desktop/ElMenus/ElMenus-Plates/src/test/resources
2019-03-02 04:09:22,008 [Worker-13: Building workspace] WARN  o.e.m.c.i.embedder.EclipseLogger - Using platform encoding (UTF-8 actually) to copy filtered resources, i.e. build is platform dependent!
2019-03-02 04:09:22,010 [Worker-13: Building workspace] INFO  o.e.m.c.i.embedder.EclipseLogger - skip non existing resourceDirectory /Users/Ahmedash11/Desktop/ElMenus/ElMenus-Questions/src/main/resources
2019-03-02 04:09:22,012 [Worker-13: Building workspace] WARN  o.e.m.c.i.embedder.EclipseLogger - Using platform encoding (UTF-8 actually) to copy filtered resources, i.e. build is platform dependent!
2019-03-02 04:09:22,014 [Worker-13: Building workspace] INFO  o.e.m.c.i.embedder.EclipseLogger - skip non existing resourceDirectory /Users/Ahmedash11/Desktop/ElMenus/ElMenus-Questions/src/test/resources
2019-03-02 04:09:22,161 [Worker-13: Building workspace] WARN  o.e.m.c.i.embedder.EclipseLogger - Using platform encoding (UTF-8 actually) to copy filtered resources, i.e. build is platform dependent!
2019-03-02 04:09:22,163 [Worker-13: Building workspace] INFO  o.e.m.c.i.embedder.EclipseLogger - skip non existing resourceDirectory /Users/Ahmedash11/Desktop/ElMenus/ElMenus-Reports/src/main/resources
2019-03-02 04:09:22,167 [Worker-13: Building workspace] WARN  o.e.m.c.i.embedder.EclipseLogger - Using platform encoding (UTF-8 actually) to copy filtered resources, i.e. build is platform dependent!
2019-03-02 04:09:22,168 [Worker-13: Building workspace] INFO  o.e.m.c.i.embedder.EclipseLogger - skip non existing resourceDirectory /Users/Ahmedash11/Desktop/ElMenus/ElMenus-Reports/src/test/resources
2019-03-02 04:09:22,241 [Worker-13: Building workspace] WARN  o.e.m.c.i.embedder.EclipseLogger - Using platform encoding (UTF-8 actually) to copy filtered resources, i.e. build is platform dependent!
2019-03-02 04:09:22,242 [Worker-13: Building workspace] INFO  o.e.m.c.i.embedder.EclipseLogger - skip non existing resourceDirectory /Users/Ahmedash11/Desktop/ElMenus/ElMenus-Restaurants/src/main/resources
2019-03-02 04:09:22,244 [Worker-13: Building workspace] WARN  o.e.m.c.i.embedder.EclipseLogger - Using platform encoding (UTF-8 actually) to copy filtered resources, i.e. build is platform dependent!
2019-03-02 04:09:22,244 [Worker-13: Building workspace] INFO  o.e.m.c.i.embedder.EclipseLogger - skip non existing resourceDirectory /Users/Ahmedash11/Desktop/ElMenus/ElMenus-Restaurants/src/test/resources
2019-03-02 04:09:22,309 [Worker-13: Building workspace] WARN  o.e.m.c.i.embedder.EclipseLogger - Using platform encoding (UTF-8 actually) to copy filtered resources, i.e. build is platform dependent!
2019-03-02 04:09:22,322 [Worker-13: Building workspace] INFO  o.e.m.c.i.embedder.EclipseLogger - skip non existing resourceDirectory /Users/Ahmedash11/Desktop/ElMenus/ElMenus-Reviews/src/main/resources
2019-03-02 04:09:22,324 [Worker-13: Building workspace] WARN  o.e.m.c.i.embedder.EclipseLogger - Using platform encoding (UTF-8 actually) to copy filtered resources, i.e. build is platform dependent!
2019-03-02 04:09:22,325 [Worker-13: Building workspace] INFO  o.e.m.c.i.embedder.EclipseLogger - skip non existing resourceDirectory /Users/Ahmedash11/Desktop/ElMenus/ElMenus-Reviews/src/test/resources
2019-03-02 04:09:22,375 [Worker-13: Building workspace] WARN  o.e.m.c.i.embedder.EclipseLogger - Using platform encoding (UTF-8 actually) to copy filtered resources, i.e. build is platform dependent!
2019-03-02 04:09:22,376 [Worker-13: Building workspace] INFO  o.e.m.c.i.embedder.EclipseLogger - skip non existing resourceDirectory /Users/Ahmedash11/Desktop/ElMenus/ElMenus-Search/src/main/resources
2019-03-02 04:09:22,377 [Worker-13: Building workspace] WARN  o.e.m.c.i.embedder.EclipseLogger - Using platform encoding (UTF-8 actually) to copy filtered resources, i.e. build is platform dependent!
2019-03-02 04:09:22,378 [Worker-13: Building workspace] INFO  o.e.m.c.i.embedder.EclipseLogger - skip non existing resourceDirectory /Users/Ahmedash11/Desktop/ElMenus/ElMenus-Search/src/test/resources
2019-03-02 04:09:22,505 [Worker-13: Building workspace] WARN  o.e.m.c.i.embedder.EclipseLogger - Using platform encoding (UTF-8 actually) to copy filtered resources, i.e. build is platform dependent!
2019-03-02 04:09:22,514 [Worker-13: Building workspace] INFO  o.e.m.c.i.embedder.EclipseLogger - skip non existing resourceDirectory /Users/Ahmedash11/Desktop/ElMenus/ElMenus-Server/src/main/resources
2019-03-02 04:09:22,515 [Worker-13: Building workspace] WARN  o.e.m.c.i.embedder.EclipseLogger - Using platform encoding (UTF-8 actually) to copy filtered resources, i.e. build is platform dependent!
2019-03-02 04:09:22,516 [Worker-13: Building workspace] INFO  o.e.m.c.i.embedder.EclipseLogger - skip non existing resourceDirectory /Users/Ahmedash11/Desktop/ElMenus/ElMenus-Server/src/test/resources
2019-03-02 04:09:22,654 [Worker-13: Building workspace] WARN  o.e.m.c.i.embedder.EclipseLogger - Using platform encoding (UTF-8 actually) to copy filtered resources, i.e. build is platform dependent!
2019-03-02 04:09:22,656 [Worker-13: Building workspace] INFO  o.e.m.c.i.embedder.EclipseLogger - skip non existing resourceDirectory /Users/Ahmedash11/Desktop/ElMenus/ElMenus-Users/src/main/resources
2019-03-02 04:09:22,658 [Worker-13: Building workspace] WARN  o.e.m.c.i.embedder.EclipseLogger - Using platform encoding (UTF-8 actually) to copy filtered resources, i.e. build is platform dependent!
2019-03-02 04:09:22,659 [Worker-13: Building workspace] INFO  o.e.m.c.i.embedder.EclipseLogger - skip non existing resourceDirectory /Users/Ahmedash11/Desktop/ElMenus/ElMenus-Users/src/test/resources
